REQUEST *2
$3
GET
$7
CS06142

ABORT *2
$3
GET
$7
CS06142

REQUEST *2
$3
GET
$7
CS06142
þ7Ø
ABORT *2
$3
GET
$7
CS06142
þ7Ø
REQUEST *4
$3
SET
$7
CS06142
$5
Cloud
$9
Computing
k
FINISH *4
$3
SET
$7
CS06142
$5
Cloud
$9
Computing
k
REQUEST *4
$3
SET
$7
CS06142
$5
Cloud
$9
Computing
k
ABORT *4
$3
SET
$7
CS06142
$5
Cloud
$9
Computing
k
REQUEST *2
$3
GET
$7
CS06142
þ7Ø
ABORT *2
$3
GET
$7
CS06142
þ7Ø
REQUEST *2
$3
GET
$7
CS06142
þ7Ø
ABORT *2
$3
GET
$7
CS06142
þ7Ø
REQUEST *2
$3
GET
$7
CS06142
þ7Ø
ABORT *2
$3
GET
$7
CS06142
þ7Ø
REQUEST *2
$3
GET
$7
CS06142
þ7Ø
ABORT *2
$3
GET
$7
CS06142
þ7Ø
